mode: set
rent-book/features/user/services/services.go:18.49,22.2 1 1
rent-book/features/user/services/services.go:24.63,26.16 2 1
rent-book/features/user/services/services.go:29.2,29.17 1 1
rent-book/features/user/services/services.go:26.16,28.3 1 1
rent-book/features/user/services/services.go:32.36,42.16 4 1
rent-book/features/user/services/services.go:46.2,46.12 1 1
rent-book/features/user/services/services.go:42.16,45.3 2 0
rent-book/features/user/services/services.go:49.74,52.16 2 1
rent-book/features/user/services/services.go:57.2,60.16 3 1
rent-book/features/user/services/services.go:68.2,68.17 1 1
rent-book/features/user/services/services.go:52.16,55.3 2 0
rent-book/features/user/services/services.go:60.16,61.49 1 1
rent-book/features/user/services/services.go:65.3,65.63 1 1
rent-book/features/user/services/services.go:61.49,63.4 1 0
rent-book/features/user/services/services.go:71.58,73.16 2 1
rent-book/features/user/services/services.go:82.2,82.17 1 1
rent-book/features/user/services/services.go:73.16,75.45 2 1
rent-book/features/user/services/services.go:75.45,77.4 1 0
rent-book/features/user/services/services.go:77.9,77.52 1 1
rent-book/features/user/services/services.go:77.52,79.4 1 0
rent-book/features/user/services/services.go:85.61,87.16 2 1
rent-book/features/user/services/services.go:96.2,96.19 1 1
rent-book/features/user/services/services.go:101.2,101.17 1 1
rent-book/features/user/services/services.go:87.16,89.45 2 1
rent-book/features/user/services/services.go:89.45,91.4 1 0
rent-book/features/user/services/services.go:91.9,91.52 1 1
rent-book/features/user/services/services.go:91.52,93.4 1 0
rent-book/features/user/services/services.go:96.19,99.3 2 1
